<?xml version="1.0" encoding="UTF-8"?>
<!-- Generated by org.testng.reporters.JUnitReportReporter -->
<testsuite hostname="DESKTOP-MOK7TM7" failures="0" tests="1" name="testngpkg.Datepicker" time="6.644" errors="0" timestamp="2024-03-18T15:10:41 IST" skipped="0">
  <testcase classname="testngpkg.Datepicker" name="test" time="6.644"/>
  <system-out/>
</testsuite> <!-- testngpkg.Datepicker -->
