<?xml version="1.0" encoding="UTF-8"?>
<!-- Generated by org.testng.reporters.JUnitReportReporter -->
<testsuite hostname="DESKTOP-MOK7TM7" failures="0" tests="1" name="testngpkg.FileuploadRobot" time="3.274" errors="0" timestamp="2024-02-23T10:01:29 IST" skipped="0">
  <testcase classname="testngpkg.FileuploadRobot" name="fileuploadpgm" time="3.274"/>
  <system-out/>
</testsuite> <!-- testngpkg.FileuploadRobot -->
