<?xml version="1.0" encoding="UTF-8"?>
<!-- Generated by org.testng.reporters.JUnitReportReporter -->
<testsuite hostname="DESKTOP-MOK7TM7" failures="0" tests="1" name="testngpkg.Copypaste" time="0.687" errors="0" timestamp="2024-02-28T09:32:44 IST" skipped="0">
  <testcase classname="testngpkg.Copypaste" name="copypastemthd" time="0.687"/>
  <system-out/>
</testsuite> <!-- testngpkg.Copypaste -->
