<?xml version="1.0" encoding="UTF-8"?>
<!-- Generated by org.testng.reporters.JUnitReportReporter -->
<testsuite hostname="DESKTOP-MOK7TM7" failures="0" tests="1" name="testngpkg.Ebay" time="2.832" errors="0" timestamp="2024-02-28T09:39:43 IST" skipped="0">
  <testcase classname="testngpkg.Ebay" name="movetoelemnt" time="2.832"/>
  <system-out/>
</testsuite> <!-- testngpkg.Ebay -->
