<?xml version="1.0" encoding="UTF-8"?>
<!-- Generated by org.testng.reporters.JUnitReportReporter -->
<testsuite hostname="DESKTOP-MOK7TM7" failures="0" tests="1" name="testpkg.Fblogintest" time="0.331" errors="0" timestamp="2024-03-06T09:41:38 IST" skipped="0">
  <testcase classname="testpkg.Fblogintest" name="test" time="0.331"/>
  <system-out/>
</testsuite> <!-- testpkg.Fblogintest -->
