<?xml version="1.0" encoding="UTF-8"?>
<!-- Generated by org.testng.reporters.JUnitReportReporter -->
<testsuite hostname="DESKTOP-MOK7TM7" failures="0" tests="5" name="testngpkg.TestngDemo" time="0.028" errors="0" timestamp="2024-02-15T10:49:59 IST" skipped="1">
  <testcase classname="testngpkg.TestngDemo" name="test2" time="0.012"/>
  <system-out/>
  <testcase classname="testngpkg.TestngDemo" name="test1" time="0.003"/>
  <system-out/>
  <testcase classname="testngpkg.TestngDemo" name="test1" time="0.009"/>
  <system-out/>
  <testcase classname="testngpkg.TestngDemo" name="test1" time="0.004"/>
  <system-out/>
  <testcase classname="testngpkg.TestngDemo" name="test3">
    <skipped/>
  </testcase> <!-- test3 -->
  <system-out/>
</testsuite> <!-- testngpkg.TestngDemo -->
