<?xml version="1.0" encoding="UTF-8"?>
<!-- Generated by org.testng.reporters.JUnitReportReporter -->
<testsuite hostname="DESKTOP-MOK7TM7" failures="0" tests="3" name="testngpkg.Crossbrowsertest" time="4.354" errors="0" timestamp="2024-02-20T10:43:39 IST" skipped="0">
  <testcase classname="testngpkg.Crossbrowsertest" name="test" time="1.313"/>
  <system-out/>
  <testcase classname="testngpkg.Crossbrowsertest" name="test" time="1.991"/>
  <system-out/>
  <testcase classname="testngpkg.Crossbrowsertest" name="test" time="1.050"/>
  <system-out/>
</testsuite> <!-- testngpkg.Crossbrowsertest -->
