<?xml version="1.0" encoding="UTF-8"?>
<!-- Generated by org.testng.reporters.JUnitReportReporter -->
<testsuite hostname="DESKTOP-MOK7TM7" failures="0" tests="1" name="testngpkg.FBlogin" time="0.215" errors="0" timestamp="2024-02-20T10:22:11 IST" skipped="0">
  <testcase classname="testngpkg.FBlogin" name="login" time="0.215"/>
  <system-out/>
</testsuite> <!-- testngpkg.FBlogin -->
