<?xml version="1.0" encoding="UTF-8"?>
<!-- Generated by org.testng.reporters.JUnitReportReporter -->
<testsuite hostname="DESKTOP-MOK7TM7" failures="0" tests="2" name="testngpkg.Grouping" time="0.007" errors="0" timestamp="2024-02-16T09:17:01 IST" skipped="0">
  <testcase classname="testngpkg.Grouping" name="test1" time="0.006"/>
  <system-out/>
  <testcase classname="testngpkg.Grouping" name="test2" time="0.001"/>
  <system-out/>
</testsuite> <!-- testngpkg.Grouping -->
